<?xml version="1.0" encoding="UTF-8"?>
<testng-results skipped="0" failed="0" total="1" passed="1">
  <reporter-output>
  </reporter-output>
  <suite name="practice" duration-ms="12861" started-at="2016-05-07T23:21:05Z" finished-at="2016-05-07T23:21:18Z">
    <groups>
    </groups>
    <test name="sampleTest1" duration-ms="12861" started-at="2016-05-07T23:21:05Z" finished-at="2016-05-07T23:21:18Z">
      <class name="practicalSeExample.GoogleLogin">
        <test-method status="PASS" signature="openurl()[pri:0, instance:practicalSeExample.GoogleLogin@614c5515]" name="openurl" is-config="true" duration-ms="10305" started-at="2016-05-08T04:51:05Z" finished-at="2016-05-08T04:51:16Z">
          <reporter-output>
          </reporter-output>
        </test-method> <!-- openurl -->
        <test-method status="PASS" signature="login()[pri:0, instance:practicalSeExample.GoogleLogin@614c5515]" name="login" duration-ms="1581" started-at="2016-05-08T04:51:16Z" finished-at="2016-05-08T04:51:17Z">
          <reporter-output>
          </reporter-output>
        </test-method> <!-- login -->
        <test-method status="PASS" signature="closebrowser()[pri:0, instance:practicalSeExample.GoogleLogin@614c5515]" name="closebrowser" is-config="true" duration-ms="797" started-at="2016-05-08T04:51:17Z" finished-at="2016-05-08T04:51:18Z">
          <reporter-output>
          </reporter-output>
        </test-method> <!-- closebrowser -->
      </class> <!-- practicalSeExample.GoogleLogin -->
    </test> <!-- sampleTest1 -->
  </suite> <!-- practice -->
</testng-results>
